<acceptance-test-run title="Verify successful creation of a post" name="verify_successful_creation_of_a_post" steps="12" successful="10" failures="0" errors="1" skipped="1" ignored="0" pending="0" result="ERROR" duration="80610" timestamp="2014-05-16T10:48:00.381+10:00">
  <user-story id="au.com.sherpa.regression.requirements.Application.Recruitment.CreateRecruitmentAccount" name="Create recruitment account" path="au.com.sherpa.regression.requirements.Application.Recruitment">
    <feature id="au.com.sherpa.regression.requirements.Application.Recruitment" name="Recruitment"/>
  </user-story>
  <tags>
    <tag name="Recruitment" type="feature"/>
    <tag name="Create recruitment account" type="story"/>
  </tags>
  <test-step result="SUCCESS" duration="26121">
    <screenshots>
      <screenshot image="screenshot-40633afe24faa4aed2c00ad32869a5878c51e7cf6b63a744e7326276aed8b2461.png"/>
    </screenshots>
    <description>Login to  application: {Admin, TwoShakes}</description>
  </test-step>
  <test-step result="SUCCESS" duration="9186">
    <screenshots>
      <screenshot image="screenshot-0ac093b167f0e79606e4c6b8dbfb023245d2841f352f538fefa463da7eee3d322.png"/>
      <screenshot image="screenshot-0ac093b167f0e79606e4c6b8dbfb023245d2841f352f538fefa463da7eee3d323.png"/>
    </screenshots>
    <description>Navigate to recruitment</description>
  </test-step>
  <test-step result="SUCCESS" duration="4090">
    <screenshots>
      <screenshot image="screenshot-7ce2cd44b1c850c7cb428c922d8c8859736c48ba4f60a8821e9dc177779f16e95.png"/>
    </screenshots>
    <description>Navigate to  manage  job  ads page</description>
  </test-step>
  <test-step result="SUCCESS" duration="2645">
    <screenshots>
      <screenshot image="screenshot-dd69e18dcdd2f135a9135040b7d1c21eb8b15e961145128ac680e97d8bd2e38e7.png"/>
    </screenshots>
    <description>Goto new job page</description>
  </test-step>
  <test-step result="SUCCESS" duration="1133">
    <screenshots>
      <screenshot image="screenshot-655fe2bf9051b1e9003708359c9dc85987ebfb223457a150ecbe37c89e74ba238.png"/>
      <screenshot image="screenshot-655fe2bf9051b1e9003708359c9dc85987ebfb223457a150ecbe37c89e74ba239.png"/>
    </screenshots>
    <description>Enter job title: {JOB16052014104800}</description>
  </test-step>
  <test-step result="SUCCESS" duration="1233">
    <screenshots>
      <screenshot image="screenshot-cc97c98026e9dc459cdec5ddcf97c9f19c439158354f578207f85a67e81d434511.png"/>
    </screenshots>
    <description>Select region for the jobpost: {All Australia}</description>
  </test-step>
  <test-step result="SUCCESS" duration="1116">
    <screenshots>
      <screenshot image="screenshot-cfef69552c3a182ba0b8fe25d123947c23670e5832504318c1d8b240c222b04d13.png"/>
    </screenshots>
    <description>Select area for the jobpost: {Everywhere in Australia}</description>
  </test-step>
  <test-step result="SUCCESS" duration="1199">
    <screenshots>
      <screenshot image="screenshot-7149f30a61e1bc601fd51b61c78ca59b99210be65bc21ee13b16648360704e9a15.png"/>
    </screenshots>
    <description>Select employment type: {Full time}</description>
  </test-step>
  <test-step result="SUCCESS" duration="1147">
    <screenshots>
      <screenshot image="screenshot-79e7e3a5d0c04ccbdf0562de13144f5a328fe73fc7009fa63793602e7237581f17.png"/>
    </screenshots>
    <description>Enter  ad summary: {JOB16052014104800 Post Summary}</description>
  </test-step>
  <test-step result="SUCCESS" duration="1199">
    <screenshots>
      <screenshot image="screenshot-831e93683e95aca4f5fb1eda69ab8dd9045657a3b0672c33886de715e643868919.png"/>
    </screenshots>
    <description>Enter  ad reference: {JOBREF16052014104800}</description>
  </test-step>
  <test-step result="ERROR" duration="31360">
    <screenshots>
      <screenshot image="screenshot-645955ee29d4fcf305be23b714edaf19112485f76214d2f333dbea3800c8787621.png"/>
    </screenshots>
    <description>Enter  ad  body content: {JOB16052014104800 1234567890 1234567890 1234567890 1234567890 1234567890}</description>
    <error>org.openqa.selenium.NoSuchElementException: Timed out after 30 seconds. Unable to locate the element: Unable to locate element: {&quot;method&quot;:&quot;css selector&quot;,&quot;selector&quot;:&quot;#tinymce&gt;p&quot;}
Command duration or timeout: 19 milliseconds
For documentation on this error, please visit: http://seleniumhq.org/exceptions/no_such_element.html
Build info: version: &apos;2.39.0&apos;, revision: &apos;14fa800511cc5d66d426e08b0b2ab926c7ed7398&apos;, time: &apos;2013-12-16 13:18:38&apos;
System info: host: &apos;shp-fln-lp18&apos;, ip: &apos;10.20.50.75&apos;, os.name: &apos;Windows 8.1&apos;, os.arch: &apos;amd64&apos;, os.version: &apos;6.3&apos;, java.version: &apos;1.7.0_55&apos;
Session ID: ed93b890-bac6-4bc8-84dd-2c26c68762a7
Driver info: org.openqa.selenium.firefox.FirefoxDriver
Capabilities [{platform=XP, acceptSslCerts=true, javascriptEnabled=true, cssSelectorsEnabled=true, databaseEnabled=true, browserName=firefox, handlesAlerts=true, browserConnectionEnabled=true, webStorageEnabled=true, nativeEvents=false, rotatable=false, locationContextEnabled=true, applicationCacheEnabled=true, takesScreenshot=true, version=29.0.1}]
For documentation on this error, please visit: http://seleniumhq.org/exceptions/no_such_element.html
Build info: version: &apos;2.39.0&apos;, revision: &apos;14fa800511cc5d66d426e08b0b2ab926c7ed7398&apos;, time: &apos;2013-12-16 13:18:38&apos;
System info: host: &apos;shp-fln-lp18&apos;, ip: &apos;10.20.50.75&apos;, os.name: &apos;Windows 8.1&apos;, os.arch: &apos;amd64&apos;, os.version: &apos;6.3&apos;, java.version: &apos;1.7.0_55&apos;
Driver info: driver.version: unknown</error>
    <exception>net.thucydides.core.steps.StepFailureException: org.openqa.selenium.NoSuchElementException: Timed out after 30 seconds. Unable to locate the element: Unable to locate element: {&quot;method&quot;:&quot;css selector&quot;,&quot;selector&quot;:&quot;#tinymce&gt;p&quot;}
Command duration or timeout: 19 milliseconds
For documentation on this error, please visit: http://seleniumhq.org/exceptions/no_such_element.html
Build info: version: &apos;2.39.0&apos;, revision: &apos;14fa800511cc5d66d426e08b0b2ab926c7ed7398&apos;, time: &apos;2013-12-16 13:18:38&apos;
System info: host: &apos;shp-fln-lp18&apos;, ip: &apos;10.20.50.75&apos;, os.name: &apos;Windows 8.1&apos;, os.arch: &apos;amd64&apos;, os.version: &apos;6.3&apos;, java.version: &apos;1.7.0_55&apos;
Session ID: ed93b890-bac6-4bc8-84dd-2c26c68762a7
Driver info: org.openqa.selenium.firefox.FirefoxDriver
Capabilities [{platform=XP, acceptSslCerts=true, javascriptEnabled=true, cssSelectorsEnabled=true, databaseEnabled=true, browserName=firefox, handlesAlerts=true, browserConnectionEnabled=true, webStorageEnabled=true, nativeEvents=false, rotatable=false, locationContextEnabled=true, applicationCacheEnabled=true, takesScreenshot=true, version=29.0.1}]
For documentation on this error, please visit: http://seleniumhq.org/exceptions/no_such_element.html
Build info: version: &apos;2.39.0&apos;, revision: &apos;14fa800511cc5d66d426e08b0b2ab926c7ed7398&apos;, time: &apos;2013-12-16 13:18:38&apos;
System info: host: &apos;shp-fln-lp18&apos;, ip: &apos;10.20.50.75&apos;, os.name: &apos;Windows 8.1&apos;, os.arch: &apos;amd64&apos;, os.version: &apos;6.3&apos;, java.version: &apos;1.7.0_55&apos;
Driver info: driver.version: unknown&#xd;
	at net.thucydides.core.steps.BaseStepListener.recordFailureDetailsInFailingTestStep(BaseStepListener.java:486)&#xd;
	at net.thucydides.core.steps.BaseStepListener.stepFailed(BaseStepListener.java:474)&#xd;
	at net.thucydides.core.steps.StepEventBus.stepFailed(StepEventBus.java:298)&#xd;
	at net.thucydides.core.steps.StepInterceptor.notifyOfStepFailure(StepInterceptor.java:366)&#xd;
	at net.thucydides.core.steps.StepInterceptor.logStepFailure(StepInterceptor.java:272)&#xd;
	at net.thucydides.core.steps.StepInterceptor.runTestStep(StepInterceptor.java:264)&#xd;
	at net.thucydides.core.steps.StepInterceptor.testStepResult(StepInterceptor.java:127)&#xd;
	at net.thucydides.core.steps.StepInterceptor.intercept(StepInterceptor.java:53)&#xd;
	at au.com.sherpa.regression.steps.recruitment.NewJobSteps$$EnhancerByCGLIB$$ae40e30e.enter_Ad_Body_content(&lt;generated&gt;)&#xd;
	at au.com.sherpa.regression.tests.recruitment.BasicRecruimentTest.verify_successful_creation_of_a_post(BasicRecruimentTest.java:89)&#xd;
	at sun.reflect.NativeMethodAccessorImpl.invoke0(Native Method)&#xd;
	at sun.reflect.NativeMethodAccessorImpl.invoke(Unknown Source)&#xd;
	at sun.reflect.DelegatingMethodAccessorImpl.invoke(Unknown Source)&#xd;
	at java.lang.reflect.Method.invoke(Unknown Source)&#xd;
	at org.junit.runners.model.FrameworkMethod$1.runReflectiveCall(FrameworkMethod.java:44)&#xd;
	at org.junit.internal.runners.model.ReflectiveCallable.run(ReflectiveCallable.java:15)&#xd;
	at org.junit.runners.model.FrameworkMethod.invokeExplosively(FrameworkMethod.java:41)&#xd;
	at org.junit.internal.runners.statements.InvokeMethod.evaluate(InvokeMethod.java:20)&#xd;
	at net.thucydides.junit.runners.ThucydidesStatement.evaluate(ThucydidesStatement.java:21)&#xd;
	at org.junit.runners.BlockJUnit4ClassRunner.runNotIgnored(BlockJUnit4ClassRunner.java:79)&#xd;
	at org.junit.runners.BlockJUnit4ClassRunner.runChild(BlockJUnit4ClassRunner.java:71)&#xd;
	at net.thucydides.junit.runners.ThucydidesRunner.runChild(ThucydidesRunner.java:413)&#xd;
	at net.thucydides.junit.runners.ThucydidesRunner.runChild(ThucydidesRunner.java:64)&#xd;
	at org.junit.runners.ParentRunner$3.run(ParentRunner.java:193)&#xd;
	at org.junit.runners.ParentRunner$1.schedule(ParentRunner.java:52)&#xd;
	at org.junit.runners.ParentRunner.runChildren(ParentRunner.java:191)&#xd;
	at org.junit.runners.ParentRunner.access$000(ParentRunner.java:42)&#xd;
	at org.junit.runners.ParentRunner$2.evaluate(ParentRunner.java:184)&#xd;
	at org.junit.runners.ParentRunner.run(ParentRunner.java:236)&#xd;
	at net.thucydides.junit.runners.ThucydidesRunner.run(ThucydidesRunner.java:239)&#xd;
	at org.eclipse.jdt.internal.junit4.runner.JUnit4TestReference.run(JUnit4TestReference.java:50)&#xd;
	at org.eclipse.jdt.internal.junit.runner.TestExecution.run(TestExecution.java:38)&#xd;
	at org.eclipse.jdt.internal.junit.runner.RemoteTestRunner.runTests(RemoteTestRunner.java:467)&#xd;
	at org.eclipse.jdt.internal.junit.runner.RemoteTestRunner.runTests(RemoteTestRunner.java:683)&#xd;
	at org.eclipse.jdt.internal.junit.runner.RemoteTestRunner.run(RemoteTestRunner.java:390)&#xd;
	at org.eclipse.jdt.internal.junit.runner.RemoteTestRunner.main(RemoteTestRunner.java:197)&#xd;
Caused by: net.thucydides.core.webdriver.WebdriverAssertionError: org.openqa.selenium.NoSuchElementException: Timed out after 30 seconds. Unable to locate the element: Unable to locate element: {&quot;method&quot;:&quot;css selector&quot;,&quot;selector&quot;:&quot;#tinymce&gt;p&quot;}
Command duration or timeout: 19 milliseconds
For documentation on this error, please visit: http://seleniumhq.org/exceptions/no_such_element.html
Build info: version: &apos;2.39.0&apos;, revision: &apos;14fa800511cc5d66d426e08b0b2ab926c7ed7398&apos;, time: &apos;2013-12-16 13:18:38&apos;
System info: host: &apos;shp-fln-lp18&apos;, ip: &apos;10.20.50.75&apos;, os.name: &apos;Windows 8.1&apos;, os.arch: &apos;amd64&apos;, os.version: &apos;6.3&apos;, java.version: &apos;1.7.0_55&apos;
Session ID: ed93b890-bac6-4bc8-84dd-2c26c68762a7
Driver info: org.openqa.selenium.firefox.FirefoxDriver
Capabilities [{platform=XP, acceptSslCerts=true, javascriptEnabled=true, cssSelectorsEnabled=true, databaseEnabled=true, browserName=firefox, handlesAlerts=true, browserConnectionEnabled=true, webStorageEnabled=true, nativeEvents=false, rotatable=false, locationContextEnabled=true, applicationCacheEnabled=true, takesScreenshot=true, version=29.0.1}]
For documentation on this error, please visit: http://seleniumhq.org/exceptions/no_such_element.html
Build info: version: &apos;2.39.0&apos;, revision: &apos;14fa800511cc5d66d426e08b0b2ab926c7ed7398&apos;, time: &apos;2013-12-16 13:18:38&apos;
System info: host: &apos;shp-fln-lp18&apos;, ip: &apos;10.20.50.75&apos;, os.name: &apos;Windows 8.1&apos;, os.arch: &apos;amd64&apos;, os.version: &apos;6.3&apos;, java.version: &apos;1.7.0_55&apos;
Driver info: driver.version: unknown&#xd;
	at net.thucydides.core.annotations.locators.SmartAjaxElementLocator.ajaxFindElement(SmartAjaxElementLocator.java:102)&#xd;
	at net.thucydides.core.annotations.locators.SmartAjaxElementLocator.findElement(SmartAjaxElementLocator.java:59)&#xd;
	at org.openqa.selenium.support.pagefactory.internal.LocatingElementHandler.invoke(LocatingElementHandler.java:34)&#xd;
	at com.sun.proxy.$Proxy19.clear(Unknown Source)&#xd;
	at net.thucydides.core.pages.WebElementFacadeImpl.clear(WebElementFacadeImpl.java:811)&#xd;
	at net.thucydides.core.pages.WebElementFacadeImpl.type(WebElementFacadeImpl.java:441)&#xd;
	at au.com.sherpa.regression.pages.recruitement.WriteYourAd.enterAdBodyContent(WriteYourAd.java:141)&#xd;
	at au.com.sherpa.regression.steps.recruitment.NewJobSteps.enter_Ad_Body_content(NewJobSteps.java:58)&#xd;
	at au.com.sherpa.regression.steps.recruitment.NewJobSteps$$EnhancerByCGLIB$$ae40e30e.CGLIB$enter_Ad_Body_content$6(&lt;generated&gt;)&#xd;
	at au.com.sherpa.regression.steps.recruitment.NewJobSteps$$EnhancerByCGLIB$$ae40e30e$$FastClassByCGLIB$$c06e2351.invoke(&lt;generated&gt;)&#xd;
	at net.sf.cglib.proxy.MethodProxy.invokeSuper(MethodProxy.java:228)&#xd;
	at net.thucydides.core.steps.StepInterceptor.executeTestStepMethod(StepInterceptor.java:278)&#xd;
	at net.thucydides.core.steps.StepInterceptor.runTestStep(StepInterceptor.java:256)&#xd;
	... 30 more&#xd;
Caused by: org.openqa.selenium.NoSuchElementException: Timed out after 30 seconds. Unable to locate the element: Unable to locate element: {&quot;method&quot;:&quot;css selector&quot;,&quot;selector&quot;:&quot;#tinymce&gt;p&quot;}
Command duration or timeout: 19 milliseconds
For documentation on this error, please visit: http://seleniumhq.org/exceptions/no_such_element.html
Build info: version: &apos;2.39.0&apos;, revision: &apos;14fa800511cc5d66d426e08b0b2ab926c7ed7398&apos;, time: &apos;2013-12-16 13:18:38&apos;
System info: host: &apos;shp-fln-lp18&apos;, ip: &apos;10.20.50.75&apos;, os.name: &apos;Windows 8.1&apos;, os.arch: &apos;amd64&apos;, os.version: &apos;6.3&apos;, java.version: &apos;1.7.0_55&apos;
Session ID: ed93b890-bac6-4bc8-84dd-2c26c68762a7
Driver info: org.openqa.selenium.firefox.FirefoxDriver
Capabilities [{platform=XP, acceptSslCerts=true, javascriptEnabled=true, cssSelectorsEnabled=true, databaseEnabled=true, browserName=firefox, handlesAlerts=true, browserConnectionEnabled=true, webStorageEnabled=true, nativeEvents=false, rotatable=false, locationContextEnabled=true, applicationCacheEnabled=true, takesScreenshot=true, version=29.0.1}]
For documentation on this error, please visit: http://seleniumhq.org/exceptions/no_such_element.html
Build info: version: &apos;2.39.0&apos;, revision: &apos;14fa800511cc5d66d426e08b0b2ab926c7ed7398&apos;, time: &apos;2013-12-16 13:18:38&apos;
System info: host: &apos;shp-fln-lp18&apos;, ip: &apos;10.20.50.75&apos;, os.name: &apos;Windows 8.1&apos;, os.arch: &apos;amd64&apos;, os.version: &apos;6.3&apos;, java.version: &apos;1.7.0_55&apos;
Driver info: driver.version: unknown&#xd;
	... 43 more&#xd;
Caused by: org.openqa.selenium.NoSuchElementException: Unable to locate element: {&quot;method&quot;:&quot;css selector&quot;,&quot;selector&quot;:&quot;#tinymce&gt;p&quot;}
Command duration or timeout: 19 milliseconds
For documentation on this error, please visit: http://seleniumhq.org/exceptions/no_such_element.html
Build info: version: &apos;2.39.0&apos;, revision: &apos;14fa800511cc5d66d426e08b0b2ab926c7ed7398&apos;, time: &apos;2013-12-16 13:18:38&apos;
System info: host: &apos;shp-fln-lp18&apos;, ip: &apos;10.20.50.75&apos;, os.name: &apos;Windows 8.1&apos;, os.arch: &apos;amd64&apos;, os.version: &apos;6.3&apos;, java.version: &apos;1.7.0_55&apos;
Session ID: ed93b890-bac6-4bc8-84dd-2c26c68762a7
Driver info: org.openqa.selenium.firefox.FirefoxDriver
Capabilities [{platform=XP, acceptSslCerts=true, javascriptEnabled=true, cssSelectorsEnabled=true, databaseEnabled=true, browserName=firefox, handlesAlerts=true, browserConnectionEnabled=true, webStorageEnabled=true, nativeEvents=false, rotatable=false, locationContextEnabled=true, applicationCacheEnabled=true, takesScreenshot=true, version=29.0.1}]&#xd;
	at sun.reflect.GeneratedConstructorAccessor19.newInstance(Unknown Source)&#xd;
	at sun.reflect.DelegatingConstructorAccessorImpl.newInstance(Unknown Source)&#xd;
	at java.lang.reflect.Constructor.newInstance(Unknown Source)&#xd;
	at org.openqa.selenium.remote.ErrorHandler.createThrowable(ErrorHandler.java:193)&#xd;
	at org.openqa.selenium.remote.ErrorHandler.throwIfResponseFailed(ErrorHandler.java:145)&#xd;
	at org.openqa.selenium.remote.RemoteWebDriver.execute(RemoteWebDriver.java:554)&#xd;
	at org.openqa.selenium.remote.RemoteWebDriver.findElement(RemoteWebDriver.java:307)&#xd;
	at org.openqa.selenium.remote.RemoteWebDriver.findElementByCssSelector(RemoteWebDriver.java:396)&#xd;
	at org.openqa.selenium.By$ByCssSelector.findElement(By.java:431)&#xd;
	at org.openqa.selenium.remote.RemoteWebDriver.findElement(RemoteWebDriver.java:299)&#xd;
	at net.thucydides.core.webdriver.WebDriverFacade.findElement(WebDriverFacade.java:169)&#xd;
	at net.thucydides.core.annotations.locators.SmartElementLocator.findElement(SmartElementLocator.java:37)&#xd;
	at net.thucydides.core.annotations.locators.SmartAjaxElementLocator.access$001(SmartAjaxElementLocator.java:20)&#xd;
	at net.thucydides.core.annotations.locators.SmartAjaxElementLocator$SlowLoadingElement.isLoaded(SmartAjaxElementLocator.java:166)&#xd;
	at org.openqa.selenium.support.ui.SlowLoadableComponent.get(SlowLoadableComponent.java:70)&#xd;
	at net.thucydides.core.annotations.locators.SmartAjaxElementLocator.ajaxFindElement(SmartAjaxElementLocator.java:100)&#xd;
	... 42 more&#xd;
Caused by: org.openqa.selenium.remote.ErrorHandler$UnknownServerException: Unable to locate element: {&quot;method&quot;:&quot;css selector&quot;,&quot;selector&quot;:&quot;#tinymce&gt;p&quot;}
Build info: version: &apos;2.39.0&apos;, revision: &apos;14fa800511cc5d66d426e08b0b2ab926c7ed7398&apos;, time: &apos;2013-12-16 13:18:38&apos;
System info: host: &apos;shp-fln-lp18&apos;, ip: &apos;10.20.50.75&apos;, os.name: &apos;Windows 8.1&apos;, os.arch: &apos;amd64&apos;, os.version: &apos;6.3&apos;, java.version: &apos;1.7.0_55&apos;
Driver info: driver.version: unknown&#xd;
	at &lt;anonymous class&gt;.FirefoxDriver.prototype.findElementInternal_(file:///C:/Users/SRINIV~1/AppData/Local/Temp/anonymous9164604616980154721webdriver-profile/extensions/fxdriver@googlecode.com/components/driver_component.js:8860)&#xd;
	at &lt;anonymous class&gt;.FirefoxDriver.prototype.findElement(file:///C:/Users/SRINIV~1/AppData/Local/Temp/anonymous9164604616980154721webdriver-profile/extensions/fxdriver@googlecode.com/components/driver_component.js:8869)&#xd;
	at &lt;anonymous class&gt;.DelayedCommand.prototype.executeInternal_/h(file:///C:/Users/SRINIV~1/AppData/Local/Temp/anonymous9164604616980154721webdriver-profile/extensions/fxdriver@googlecode.com/components/command_processor.js:10831)&#xd;
	at &lt;anonymous class&gt;.DelayedCommand.prototype.executeInternal_(file:///C:/Users/SRINIV~1/AppData/Local/Temp/anonymous9164604616980154721webdriver-profile/extensions/fxdriver@googlecode.com/components/command_processor.js:10836)&#xd;
	at &lt;anonymous class&gt;.DelayedCommand.prototype.execute/&lt;(file:///C:/Users/SRINIV~1/AppData/Local/Temp/anonymous9164604616980154721webdriver-profile/extensions/fxdriver@googlecode.com/components/command_processor.js:10778)&#xd;
</exception>
  </test-step>
  <test-step result="SKIPPED" duration="1">
    <description>Select  application questions template: {RSA Certificate}</description>
  </test-step>
</acceptance-test-run>